<?xml version="1.0" encoding="UTF-8"?>
<testng-results skipped="0" failed="0" ignored="0" total="1" passed="1">
  <reporter-output>
  </reporter-output>
  <suite name="Default suite" duration-ms="69201" started-at="2019-12-20T19:11:44Z" finished-at="2019-12-20T19:12:53Z">
    <groups>
    </groups>
    <test name="Default test" duration-ms="69201" started-at="2019-12-20T19:11:44Z" finished-at="2019-12-20T19:12:53Z">
      <class name="com.crm.test.HomePageTest">
        <test-method status="PASS" signature="setUp()[pri:0, instance:com.crm.test.HomePageTest@91161c7]" name="setUp" is-config="true" duration-ms="40501" started-at="2019-12-21T00:41:44Z" finished-at="2019-12-21T00:42:25Z">
          <reporter-output>
          </reporter-output>
        </test-method> <!-- setUp -->
        <test-method status="PASS" signature="MatchLogo()[pri:1, instance:com.crm.test.HomePageTest@91161c7]" name="MatchLogo" duration-ms="27215" started-at="2019-12-21T00:42:25Z" description="Match Logo of Google" finished-at="2019-12-21T00:42:52Z">
          <reporter-output>
          </reporter-output>
        </test-method> <!-- MatchLogo -->
        <test-method status="PASS" signature="tearDown()[pri:0, instance:com.crm.test.HomePageTest@91161c7]" name="tearDown" is-config="true" duration-ms="1446" started-at="2019-12-21T00:42:52Z" finished-at="2019-12-21T00:42:53Z">
          <reporter-output>
          </reporter-output>
        </test-method> <!-- tearDown -->
      </class> <!-- com.crm.test.HomePageTest -->
    </test> <!-- Default test -->
  </suite> <!-- Default suite -->
</testng-results>
